<?xml version="1.0" encoding="UTF-8"?>
<coverage generated="1701107834260" clover="3.2.0">
  <project timestamp="1701107834261" name="All files">
    <metrics statements="21" coveredstatements="21" conditionals="9" coveredconditionals="9" methods="9" coveredmethods="9" elements="39" coveredelements="39" complexity="0" loc="21" ncloc="21" packages="1" files="1" classes="1"/>
    <file name="taskService.ts" path="C:\Users\roche\Desktop\PROGRAMACION_ROCHE\1. ITACADEMY\Sprint_4\src\application\services\taskService.ts">
      <metrics statements="21" coveredstatements="21" conditionals="9" coveredconditionals="9" methods="9" coveredmethods="9"/>
      <line num="3" count="1" type="stmt"/>
      <line num="4" count="9" type="stmt"/>
      <line num="10" count="1" type="stmt"/>
      <line num="15" count="6" type="stmt"/>
      <line num="20" count="9" type="stmt"/>
      <line num="22" count="9" type="cond" truecount="1" falsecount="0"/>
      <line num="23" count="1" type="stmt"/>
      <line num="26" count="8" type="cond" truecount="1" falsecount="0"/>
      <line num="27" count="1" type="stmt"/>
      <line num="30" count="7" type="stmt"/>
      <line num="35" count="7" type="stmt"/>
      <line num="40" count="4" type="stmt"/>
      <line num="41" count="4" type="cond" truecount="3" falsecount="0"/>
      <line num="42" count="1" type="stmt"/>
      <line num="44" count="3" type="cond" truecount="3" falsecount="0"/>
      <line num="45" count="1" type="stmt"/>
      <line num="47" count="2" type="stmt"/>
      <line num="49" count="3" type="stmt"/>
      <line num="54" count="2" type="stmt"/>
      <line num="56" count="2" type="cond" truecount="1" falsecount="0"/>
      <line num="57" count="2" type="stmt"/>
    </file>
  </project>
</coverage>
