<?xml version="1.0" encoding="UTF-8"?>
<coverage generated="1701335912664" clover="3.2.0">
  <project timestamp="1701335912664" name="All files">
    <metrics statements="28" coveredstatements="28" conditionals="9" coveredconditionals="9" methods="10" coveredmethods="10" elements="47" coveredelements="47" complexity="0" loc="28" ncloc="28" packages="2" files="2" classes="2"/>
    <package name="application.services">
      <metrics statements="24" coveredstatements="24" conditionals="9" coveredconditionals="9" methods="9" coveredmethods="9"/>
      <file name="taskService.ts" path="C:\Users\roche\Desktop\PROGRAMACION_ROCHE\1. ITACADEMY\Sprint_4\src\application\services\taskService.ts">
        <metrics statements="24" coveredstatements="24" conditionals="9" coveredconditionals="9" methods="9" coveredmethods="9"/>
        <line num="1" count="1" type="stmt"/>
        <line num="4" count="1" type="stmt"/>
        <line num="5" count="9" type="stmt"/>
        <line num="9" count="9" type="stmt"/>
        <line num="14" count="1" type="stmt"/>
        <line num="19" count="6" type="stmt"/>
        <line num="24" count="9" type="stmt"/>
        <line num="25" count="9" type="stmt"/>
        <line num="31" count="9" type="cond" truecount="1" falsecount="0"/>
        <line num="32" count="1" type="stmt"/>
        <line num="35" count="8" type="cond" truecount="1" falsecount="0"/>
        <line num="36" count="1" type="stmt"/>
        <line num="39" count="7" type="stmt"/>
        <line num="41" count="7" type="stmt"/>
        <line num="46" count="4" type="stmt"/>
        <line num="47" count="4" type="cond" truecount="3" falsecount="0"/>
        <line num="48" count="1" type="stmt"/>
        <line num="50" count="3" type="cond" truecount="3" falsecount="0"/>
        <line num="51" count="1" type="stmt"/>
        <line num="53" count="2" type="stmt"/>
        <line num="55" count="3" type="stmt"/>
        <line num="60" count="2" type="stmt"/>
        <line num="62" count="2" type="cond" truecount="1" falsecount="0"/>
        <line num="63" count="2" type="stmt"/>
      </file>
    </package>
    <package name="domain.entities">
      <metrics statements="4" coveredstatements="4" conditionals="0" coveredconditionals="0" methods="1" coveredmethods="1"/>
      <file name="task.ts" path="C:\Users\roche\Desktop\PROGRAMACION_ROCHE\1. ITACADEMY\Sprint_4\src\domain\entities\task.ts">
        <metrics statements="4" coveredstatements="4" conditionals="0" coveredconditionals="0" methods="1" coveredmethods="1"/>
        <line num="1" count="1" type="stmt"/>
        <line num="7" count="9" type="stmt"/>
        <line num="8" count="9" type="stmt"/>
        <line num="9" count="9" type="stmt"/>
      </file>
    </package>
  </project>
</coverage>
