{"C:\\Users\\roche\\Desktop\\PROGRAMACION_ROCHE\\1. ITACADEMY\\Sprint_4\\src\\application\\services\\taskService.ts": {"path":"C:\\Users\\roche\\Desktop\\PROGRAMACION_ROCHE\\1. ITACADEMY\\Sprint_4\\src\\application\\services\\taskService.ts","statementMap":{"0":{"start":{"line":1,"column":0},"end":{"line":1,"column":50}},"1":{"start":{"line":16,"column":4},"end":{"line":16,"column":41}},"2":{"start":{"line":17,"column":4},"end":{"line":17,"column":35}},"3":{"start":{"line":22,"column":4},"end":{"line":22,"column":49}},"4":{"start":{"line":27,"column":4},"end":{"line":27,"column":46}},"5":{"start":{"line":39,"column":4},"end":{"line":41,"column":null}},"6":{"start":{"line":40,"column":6},"end":{"line":40,"column":37}},"7":{"start":{"line":43,"column":23},"end":{"line":44,"column":null}},"8":{"start":{"line":44,"column":16},"end":{"line":44,"column":37}},"9":{"start":{"line":47,"column":4},"end":{"line":49,"column":null}},"10":{"start":{"line":48,"column":6},"end":{"line":48,"column":54}},"11":{"start":{"line":53,"column":17},"end":{"line":53,"column":70}},"12":{"start":{"line":55,"column":4},"end":{"line":55,"column":41}},"13":{"start":{"line":60,"column":17},"end":{"line":60,"column":51}},"14":{"start":{"line":61,"column":25},"end":{"line":61,"column":68}},"15":{"start":{"line":61,"column":45},"end":{"line":61,"column":67}},"16":{"start":{"line":63,"column":4},"end":{"line":65,"column":null}},"17":{"start":{"line":64,"column":6},"end":{"line":64,"column":45}},"18":{"start":{"line":67,"column":4},"end":{"line":69,"column":null}},"19":{"start":{"line":68,"column":6},"end":{"line":68,"column":56}},"20":{"start":{"line":71,"column":4},"end":{"line":71,"column":54}},"21":{"start":{"line":76,"column":18},"end":{"line":76,"column":52}},"22":{"start":{"line":77,"column":23},"end":{"line":77,"column":67}},"23":{"start":{"line":77,"column":44},"end":{"line":77,"column":66}},"24":{"start":{"line":79,"column":4},"end":{"line":81,"column":null}},"25":{"start":{"line":80,"column":6},"end":{"line":80,"column":45}},"26":{"start":{"line":83,"column":4},"end":{"line":83,"column":49}},"27":{"start":{"line":84,"column":4},"end":{"line":84,"column":49}},"28":{"start":{"line":5,"column":0},"end":{"line":5,"column":13}}},"fnMap":{"0":{"name":"(anonymous_7)","decl":{"start":{"line":15,"column":2},"end":{"line":15,"column":14}},"loc":{"start":{"line":15,"column":72},"end":{"line":18,"column":3}}},"1":{"name":"(anonymous_8)","decl":{"start":{"line":21,"column":8},"end":{"line":21,"column":19}},"loc":{"start":{"line":21,"column":33},"end":{"line":23,"column":null}}},"2":{"name":"(anonymous_10)","decl":{"start":{"line":26,"column":8},"end":{"line":26,"column":19}},"loc":{"start":{"line":26,"column":19},"end":{"line":28,"column":null}}},"3":{"name":"(anonymous_12)","decl":{"start":{"line":32,"column":8},"end":{"line":32,"column":15}},"loc":{"start":{"line":32,"column":31},"end":{"line":56,"column":null}}},"4":{"name":"(anonymous_14)","decl":{"start":{"line":44,"column":6},"end":{"line":44,"column":7}},"loc":{"start":{"line":44,"column":16},"end":{"line":44,"column":37}}},"5":{"name":"(anonymous_15)","decl":{"start":{"line":59,"column":8},"end":{"line":59,"column":18}},"loc":{"start":{"line":59,"column":35},"end":{"line":72,"column":null}}},"6":{"name":"(anonymous_17)","decl":{"start":{"line":61,"column":35},"end":{"line":61,"column":36}},"loc":{"start":{"line":61,"column":45},"end":{"line":61,"column":67}}},"7":{"name":"(anonymous_18)","decl":{"start":{"line":75,"column":8},"end":{"line":75,"column":25}},"loc":{"start":{"line":75,"column":42},"end":{"line":85,"column":null}}},"8":{"name":"(anonymous_20)","decl":{"start":{"line":77,"column":34},"end":{"line":77,"column":35}},"loc":{"start":{"line":77,"column":44},"end":{"line":77,"column":66}}}},"branchMap":{"0":{"loc":{"start":{"line":39,"column":4},"end":{"line":41,"column":null}},"type":"if","locations":[{"start":{"line":39,"column":4},"end":{"line":41,"column":null}}]},"1":{"loc":{"start":{"line":47,"column":4},"end":{"line":49,"column":null}},"type":"if","locations":[{"start":{"line":47,"column":4},"end":{"line":49,"column":null}}]},"2":{"loc":{"start":{"line":63,"column":4},"end":{"line":65,"column":null}},"type":"if","locations":[{"start":{"line":63,"column":4},"end":{"line":65,"column":null}}]},"3":{"loc":{"start":{"line":67,"column":4},"end":{"line":69,"column":null}},"type":"if","locations":[{"start":{"line":67,"column":4},"end":{"line":69,"column":null}}]},"4":{"loc":{"start":{"line":79,"column":4},"end":{"line":81,"column":null}},"type":"if","locations":[{"start":{"line":79,"column":4},"end":{"line":81,"column":null}}]}},"s":{"0":2,"1":24,"2":24,"3":2,"4":14,"5":14,"6":2,"7":12,"8":2,"9":12,"10":2,"11":10,"12":10,"13":6,"14":6,"15":4,"16":6,"17":2,"18":4,"19":2,"20":2,"21":10,"22":10,"23":8,"24":10,"25":2,"26":8,"27":8,"28":2},"f":{"0":24,"1":2,"2":14,"3":14,"4":2,"5":6,"6":4,"7":10,"8":8},"b":{"0":[2],"1":[2],"2":[2],"3":[2],"4":[2]}}
,"C:\\Users\\roche\\Desktop\\PROGRAMACION_ROCHE\\1. ITACADEMY\\Sprint_4\\src\\domain\\entities\\task.ts": {"path":"C:\\Users\\roche\\Desktop\\PROGRAMACION_ROCHE\\1. ITACADEMY\\Sprint_4\\src\\domain\\entities\\task.ts","statementMap":{"0":{"start":{"line":7,"column":4},"end":{"line":7,"column":17}},"1":{"start":{"line":8,"column":4},"end":{"line":8,"column":21}},"2":{"start":{"line":9,"column":4},"end":{"line":9,"column":31}},"3":{"start":{"line":1,"column":0},"end":{"line":1,"column":13}}},"fnMap":{"0":{"name":"(anonymous_0)","decl":{"start":{"line":6,"column":2},"end":{"line":6,"column":14}},"loc":{"start":{"line":6,"column":58},"end":{"line":10,"column":3}}}},"branchMap":{},"s":{"0":14,"1":14,"2":14,"3":4},"f":{"0":14},"b":{}}
,"C:\\Users\\roche\\Desktop\\PROGRAMACION_ROCHE\\1. ITACADEMY\\Sprint_4\\src\\repositories\\InMemoryTaskRepository.ts": {"path":"C:\\Users\\roche\\Desktop\\PROGRAMACION_ROCHE\\1. ITACADEMY\\Sprint_4\\src\\repositories\\InMemoryTaskRepository.ts","statementMap":{"0":{"start":{"line":5,"column":10},"end":{"line":5,"column":29}},"1":{"start":{"line":8,"column":4},"end":{"line":8,"column":28}},"2":{"start":{"line":12,"column":4},"end":{"line":12,"column":22}},"3":{"start":{"line":16,"column":4},"end":{"line":16,"column":26}},"4":{"start":{"line":17,"column":4},"end":{"line":17,"column":16}},"5":{"start":{"line":21,"column":22},"end":{"line":22,"column":null}},"6":{"start":{"line":22,"column":16},"end":{"line":22,"column":43}},"7":{"start":{"line":25,"column":4},"end":{"line":27,"column":null}},"8":{"start":{"line":26,"column":6},"end":{"line":26,"column":40}},"9":{"start":{"line":29,"column":4},"end":{"line":29,"column":41}},"10":{"start":{"line":30,"column":4},"end":{"line":30,"column":24}},"11":{"start":{"line":35,"column":22},"end":{"line":35,"column":68}},"12":{"start":{"line":35,"column":53},"end":{"line":35,"column":67}},"13":{"start":{"line":36,"column":4},"end":{"line":38,"column":null}},"14":{"start":{"line":37,"column":6},"end":{"line":37,"column":45}},"15":{"start":{"line":40,"column":4},"end":{"line":40,"column":36}},"16":{"start":{"line":4,"column":0},"end":{"line":4,"column":13}}},"fnMap":{"0":{"name":"(anonymous_7)","decl":{"start":{"line":4,"column":0},"end":{"line":4,"column":13}},"loc":{"start":{"line":4,"column":0},"end":{"line":42,"column":1}}},"1":{"name":"(anonymous_8)","decl":{"start":{"line":7,"column":8},"end":{"line":7,"column":19}},"loc":{"start":{"line":7,"column":33},"end":{"line":9,"column":null}}},"2":{"name":"(anonymous_10)","decl":{"start":{"line":11,"column":8},"end":{"line":11,"column":14}},"loc":{"start":{"line":11,"column":14},"end":{"line":13,"column":null}}},"3":{"name":"(anonymous_12)","decl":{"start":{"line":15,"column":8},"end":{"line":15,"column":11}},"loc":{"start":{"line":15,"column":22},"end":{"line":18,"column":null}}},"4":{"name":"(anonymous_14)","decl":{"start":{"line":20,"column":8},"end":{"line":20,"column":14}},"loc":{"start":{"line":20,"column":33},"end":{"line":31,"column":null}}},"5":{"name":"(anonymous_16)","decl":{"start":{"line":22,"column":6},"end":{"line":22,"column":7}},"loc":{"start":{"line":22,"column":16},"end":{"line":22,"column":43}}},"6":{"name":"(anonymous_17)","decl":{"start":{"line":33,"column":8},"end":{"line":33,"column":14}},"loc":{"start":{"line":33,"column":25},"end":{"line":41,"column":null}}},"7":{"name":"(anonymous_19)","decl":{"start":{"line":35,"column":43},"end":{"line":35,"column":44}},"loc":{"start":{"line":35,"column":53},"end":{"line":35,"column":67}}}},"branchMap":{"0":{"loc":{"start":{"line":25,"column":4},"end":{"line":27,"column":null}},"type":"if","locations":[{"start":{"line":25,"column":4},"end":{"line":27,"column":null}}]},"1":{"loc":{"start":{"line":36,"column":4},"end":{"line":38,"column":null}},"type":"if","locations":[{"start":{"line":36,"column":4},"end":{"line":38,"column":null}}]}},"s":{"0":26,"1":2,"2":40,"3":10,"4":10,"5":10,"6":8,"7":10,"8":2,"9":8,"10":8,"11":4,"12":2,"13":4,"14":2,"15":2,"16":4},"f":{"0":26,"1":2,"2":40,"3":10,"4":10,"5":8,"6":4,"7":2},"b":{"0":[2],"1":[2]}}
}
