{"C:\\Users\\roche\\Desktop\\PROGRAMACION_ROCHE\\1. ITACADEMY\\Sprint_4\\src\\application\\services\\taskService.ts": {"path":"C:\\Users\\roche\\Desktop\\PROGRAMACION_ROCHE\\1. ITACADEMY\\Sprint_4\\src\\application\\services\\taskService.ts","statementMap":{"0":{"start":{"line":1,"column":0},"end":{"line":1,"column":50}},"1":{"start":{"line":5,"column":10},"end":{"line":5,"column":32}},"2":{"start":{"line":9,"column":4},"end":{"line":9,"column":35}},"3":{"start":{"line":14,"column":4},"end":{"line":14,"column":31}},"4":{"start":{"line":19,"column":4},"end":{"line":19,"column":33}},"5":{"start":{"line":24,"column":23},"end":{"line":24,"column":74}},"6":{"start":{"line":24,"column":52},"end":{"line":24,"column":73}},"7":{"start":{"line":25,"column":28},"end":{"line":28,"column":null}},"8":{"start":{"line":31,"column":4},"end":{"line":33,"column":null}},"9":{"start":{"line":32,"column":6},"end":{"line":32,"column":37}},"10":{"start":{"line":35,"column":4},"end":{"line":37,"column":null}},"11":{"start":{"line":36,"column":6},"end":{"line":36,"column":54}},"12":{"start":{"line":39,"column":4},"end":{"line":39,"column":40}},"13":{"start":{"line":41,"column":4},"end":{"line":41,"column":25}},"14":{"start":{"line":46,"column":4},"end":{"line":54,"column":7}},"15":{"start":{"line":47,"column":6},"end":{"line":49,"column":null}},"16":{"start":{"line":48,"column":8},"end":{"line":48,"column":44}},"17":{"start":{"line":50,"column":6},"end":{"line":52,"column":null}},"18":{"start":{"line":51,"column":8},"end":{"line":51,"column":21}},"19":{"start":{"line":53,"column":6},"end":{"line":53,"column":18}},"20":{"start":{"line":55,"column":4},"end":{"line":55,"column":25}},"21":{"start":{"line":60,"column":23},"end":{"line":60,"column":75}},"22":{"start":{"line":60,"column":52},"end":{"line":60,"column":74}},"23":{"start":{"line":62,"column":4},"end":{"line":64,"column":null}},"24":{"start":{"line":63,"column":6},"end":{"line":63,"column":51}},"25":{"start":{"line":4,"column":0},"end":{"line":4,"column":13}}},"fnMap":{"0":{"name":"(anonymous_0)","decl":{"start":{"line":8,"column":2},"end":{"line":8,"column":14}},"loc":{"start":{"line":8,"column":40},"end":{"line":10,"column":3}}},"1":{"name":"(anonymous_1)","decl":{"start":{"line":13,"column":2},"end":{"line":13,"column":13}},"loc":{"start":{"line":13,"column":27},"end":{"line":15,"column":3}}},"2":{"name":"(anonymous_2)","decl":{"start":{"line":18,"column":2},"end":{"line":18,"column":13}},"loc":{"start":{"line":18,"column":13},"end":{"line":20,"column":3}}},"3":{"name":"(anonymous_3)","decl":{"start":{"line":23,"column":2},"end":{"line":23,"column":9}},"loc":{"start":{"line":23,"column":25},"end":{"line":42,"column":3}}},"4":{"name":"(anonymous_4)","decl":{"start":{"line":24,"column":42},"end":{"line":24,"column":43}},"loc":{"start":{"line":24,"column":52},"end":{"line":24,"column":73}}},"5":{"name":"(anonymous_5)","decl":{"start":{"line":45,"column":2},"end":{"line":45,"column":12}},"loc":{"start":{"line":45,"column":29},"end":{"line":56,"column":3}}},"6":{"name":"(anonymous_6)","decl":{"start":{"line":46,"column":41},"end":{"line":46,"column":42}},"loc":{"start":{"line":46,"column":50},"end":{"line":54,"column":5}}},"7":{"name":"(anonymous_7)","decl":{"start":{"line":59,"column":2},"end":{"line":59,"column":19}},"loc":{"start":{"line":59,"column":36},"end":{"line":65,"column":3}}},"8":{"name":"(anonymous_8)","decl":{"start":{"line":60,"column":42},"end":{"line":60,"column":43}},"loc":{"start":{"line":60,"column":52},"end":{"line":60,"column":74}}}},"branchMap":{"0":{"loc":{"start":{"line":31,"column":4},"end":{"line":33,"column":null}},"type":"if","locations":[{"start":{"line":31,"column":4},"end":{"line":33,"column":null}}]},"1":{"loc":{"start":{"line":35,"column":4},"end":{"line":37,"column":null}},"type":"if","locations":[{"start":{"line":35,"column":4},"end":{"line":37,"column":null}}]},"2":{"loc":{"start":{"line":47,"column":6},"end":{"line":49,"column":null}},"type":"if","locations":[{"start":{"line":47,"column":6},"end":{"line":49,"column":null}}]},"3":{"loc":{"start":{"line":47,"column":10},"end":{"line":47,"column":51}},"type":"binary-expr","locations":[{"start":{"line":47,"column":10},"end":{"line":47,"column":32}},{"start":{"line":47,"column":36},"end":{"line":47,"column":51}}]},"4":{"loc":{"start":{"line":50,"column":6},"end":{"line":52,"column":null}},"type":"if","locations":[{"start":{"line":50,"column":6},"end":{"line":52,"column":null}}]},"5":{"loc":{"start":{"line":50,"column":10},"end":{"line":50,"column":50}},"type":"binary-expr","locations":[{"start":{"line":50,"column":10},"end":{"line":50,"column":32}},{"start":{"line":50,"column":36},"end":{"line":50,"column":50}}]},"6":{"loc":{"start":{"line":62,"column":4},"end":{"line":64,"column":null}},"type":"if","locations":[{"start":{"line":62,"column":4},"end":{"line":64,"column":null}}]}},"s":{"0":1,"1":9,"2":9,"3":1,"4":6,"5":9,"6":2,"7":9,"8":9,"9":1,"10":8,"11":1,"12":7,"13":7,"14":4,"15":4,"16":1,"17":3,"18":1,"19":2,"20":3,"21":2,"22":2,"23":2,"24":2,"25":1},"f":{"0":9,"1":1,"2":6,"3":9,"4":2,"5":4,"6":4,"7":2,"8":2},"b":{"0":[1],"1":[1],"2":[1],"3":[4,2],"4":[1],"5":[3,1],"6":[2]}}
,"C:\\Users\\roche\\Desktop\\PROGRAMACION_ROCHE\\1. ITACADEMY\\Sprint_4\\src\\domain\\entities\\task.ts": {"path":"C:\\Users\\roche\\Desktop\\PROGRAMACION_ROCHE\\1. ITACADEMY\\Sprint_4\\src\\domain\\entities\\task.ts","statementMap":{"0":{"start":{"line":7,"column":4},"end":{"line":7,"column":17}},"1":{"start":{"line":8,"column":4},"end":{"line":8,"column":21}},"2":{"start":{"line":9,"column":4},"end":{"line":9,"column":31}},"3":{"start":{"line":1,"column":0},"end":{"line":1,"column":13}}},"fnMap":{"0":{"name":"(anonymous_0)","decl":{"start":{"line":6,"column":2},"end":{"line":6,"column":14}},"loc":{"start":{"line":6,"column":58},"end":{"line":10,"column":3}}}},"branchMap":{},"s":{"0":9,"1":9,"2":9,"3":1},"f":{"0":9},"b":{}}
}
