TN:
SF:src\application\services\taskService.ts
FN:3,(anonymous_0)
FN:9,(anonymous_1)
FN:14,(anonymous_2)
FN:19,(anonymous_3)
FN:20,(anonymous_4)
FN:39,(anonymous_5)
FN:40,(anonymous_6)
FN:53,(anonymous_7)
FN:54,(anonymous_8)
FNF:9
FNH:9
FNDA:9,(anonymous_0)
FNDA:1,(anonymous_1)
FNDA:6,(anonymous_2)
FNDA:9,(anonymous_3)
FNDA:2,(anonymous_4)
FNDA:4,(anonymous_5)
FNDA:4,(anonymous_6)
FNDA:2,(anonymous_7)
FNDA:2,(anonymous_8)
DA:3,1
DA:4,9
DA:10,1
DA:15,6
DA:20,9
DA:22,9
DA:23,1
DA:26,8
DA:27,1
DA:30,7
DA:35,7
DA:40,4
DA:41,4
DA:42,1
DA:44,3
DA:45,1
DA:47,2
DA:49,3
DA:54,2
DA:56,2
DA:57,2
LF:21
LH:21
BRDA:22,0,0,1
BRDA:26,1,0,1
BRDA:41,2,0,1
BRDA:41,3,0,4
BRDA:41,3,1,2
BRDA:44,4,0,1
BRDA:44,5,0,3
BRDA:44,5,1,1
BRDA:56,6,0,2
BRF:9
BRH:9
end_of_record
