TN:
SF:src\application\services\taskService.ts
FN:15,(anonymous_7)
FN:21,(anonymous_8)
FN:26,(anonymous_10)
FN:32,(anonymous_12)
FN:44,(anonymous_14)
FN:59,(anonymous_15)
FN:61,(anonymous_17)
FN:75,(anonymous_18)
FN:77,(anonymous_20)
FNF:9
FNH:9
FNDA:24,(anonymous_7)
FNDA:2,(anonymous_8)
FNDA:14,(anonymous_10)
FNDA:14,(anonymous_12)
FNDA:2,(anonymous_14)
FNDA:6,(anonymous_15)
FNDA:4,(anonymous_17)
FNDA:10,(anonymous_18)
FNDA:8,(anonymous_20)
DA:1,2
DA:5,2
DA:16,24
DA:17,24
DA:22,2
DA:27,14
DA:39,14
DA:40,2
DA:43,12
DA:44,2
DA:47,12
DA:48,2
DA:53,10
DA:55,10
DA:60,6
DA:61,6
DA:63,6
DA:64,2
DA:67,4
DA:68,2
DA:71,2
DA:76,10
DA:77,10
DA:79,10
DA:80,2
DA:83,8
DA:84,8
LF:27
LH:27
BRDA:39,0,0,2
BRDA:47,1,0,2
BRDA:63,2,0,2
BRDA:67,3,0,2
BRDA:79,4,0,2
BRF:5
BRH:5
end_of_record
TN:
SF:src\domain\entities\task.ts
FN:6,(anonymous_0)
FNF:1
FNH:1
FNDA:14,(anonymous_0)
DA:1,4
DA:7,14
DA:8,14
DA:9,14
LF:4
LH:4
BRF:0
BRH:0
end_of_record
TN:
SF:src\repositories\InMemoryTaskRepository.ts
FN:4,(anonymous_7)
FN:7,(anonymous_8)
FN:11,(anonymous_10)
FN:15,(anonymous_12)
FN:20,(anonymous_14)
FN:22,(anonymous_16)
FN:33,(anonymous_17)
FN:35,(anonymous_19)
FNF:8
FNH:8
FNDA:26,(anonymous_7)
FNDA:2,(anonymous_8)
FNDA:40,(anonymous_10)
FNDA:10,(anonymous_12)
FNDA:10,(anonymous_14)
FNDA:8,(anonymous_16)
FNDA:4,(anonymous_17)
FNDA:2,(anonymous_19)
DA:4,4
DA:5,26
DA:8,2
DA:12,40
DA:16,10
DA:17,10
DA:21,10
DA:22,8
DA:25,10
DA:26,2
DA:29,8
DA:30,8
DA:35,4
DA:36,4
DA:37,2
DA:40,2
LF:16
LH:16
BRDA:25,0,0,2
BRDA:36,1,0,2
BRF:2
BRH:2
end_of_record
